<beans xmlns="http://www.springframework.org/schema/beans"
   xmlns:xsi="http://www.w3.org/2001/XMLSchema-instance" xmlns:context="http://www.springframework.org/schema/context"
   xmlns:jdbc="http://www.springframework.org/schema/jdbc"
   xsi:schemaLocation="http://www.springframework.org/schema/beans
        http://www.springframework.org/schema/beans/spring-beans.xsd
        http://www.springframework.org/schema/jdbc
        http://www.springframework.org/schema/jdbc/spring-jdbc.xsd
        http://www.springframework.org/schema/context 
        http://www.springframework.org/schema/context/spring-context.xsd">

   <!-- Properties -->
   <context:property-placeholder
      location="classpath:config/persistence.properties,
                   classpath:config/test/persistence.properties,
                   classpath:config/persistence-@spring.profile.database@.properties, 
                   classpath:config/persistence-access.properties,
                   classpath:config/builder-team-dbx.properties,
                   classpath:config/service-dreadball.properties" />

   <!-- Imports -->
   <import resource="classpath:context/persistence.xml" />
   <import resource="classpath:context/persistence-versioning.xml" />
   <import resource="classpath:context/test/service.xml" />

   <!-- ======================= LIQUIBASE DB VERSIONING ========================= -->

   <bean id="liquibaseTest" class="${liquibase.integration.class}">
      <property name="dataSource" ref="dataSource" />
      <property name="changeLog" value="${liquibase.changelog.test.path}" />
   </bean>

</beans>