<?xml version="1.0" encoding="UTF-8"?>
<beans xmlns:xsi="http://www.w3.org/2001/XMLSchema-instance"
   xmlns:context="http://www.springframework.org/schema/context" xmlns:mvc="http://www.springframework.org/schema/mvc"
   xmlns="http://www.springframework.org/schema/beans" xmlns:util="http://www.springframework.org/schema/util"
   xmlns:jdbc="http://www.springframework.org/schema/jdbc"
   xsi:schemaLocation="http://www.springframework.org/schema/mvc
        http://www.springframework.org/schema/mvc/spring-mvc.xsd
        http://www.springframework.org/schema/beans
        http://www.springframework.org/schema/beans/spring-beans.xsd
        http://www.springframework.org/schema/jdbc
        http://www.springframework.org/schema/jdbc/spring-jdbc.xsd
        http://www.springframework.org/schema/context
        http://www.springframework.org/schema/context/spring-context.xsd
        http://www.springframework.org/schema/util
        http://www.springframework.org/schema/util/spring-util.xsd">

   <!-- Properties -->
   <context:property-placeholder
      location="classpath:config/persistence.properties,
                   classpath:config/test/persistence.properties,
                   classpath:config/view.properties,
                   classpath:config/persistence-@spring.profile.database@.properties, 
                   classpath:config/persistence-access.properties,
                   classpath:config/builder-team-dbx.properties,
                   classpath:config/service-dreadball.properties,
                   classpath:config/servlet-dreadball.properties" />

   <!-- Imports -->
   <import resource="classpath:context/view.xml" />
   <import resource="classpath:context/persistence.xml" />
   <import resource="classpath:context/persistence-versioning.xml" />
   <import resource="classpath:context/test/service.xml" />

   <!-- Test database initializer -->
   <jdbc:initialize-database data-source="dataSource">
      <jdbc:script location="${jdbc.script.load.test}" />
   </jdbc:initialize-database>

   <!-- =============================== SERVLET ================================= -->

   <!-- Scans for beans -->
   <context:component-scan base-package="com.bernardomg.tabletop.dreadball" />

   <!-- MVC configuration -->
   <mvc:annotation-driven conversion-service="conversionService"
      validator="validator">
      <mvc:message-converters>
         <ref bean="jsonMessageConverter" />
      </mvc:message-converters>
   </mvc:annotation-driven>

   <bean id="jsonMessageConverter" class="${converter.json.class}">
      <property name="objectMapper" ref="dreadballObjectMapper" />
   </bean>

   <!-- Static resources -->
   <mvc:resources mapping="/resources/**" location="/resources/">
      <mvc:cache-control cache-public="true" max-age="2592000" />
   </mvc:resources>

   <mvc:default-servlet-handler />

   <bean id="conversionService" class="${conversion.service.class}"/>

   <bean id="validator" class="${validator.factory.class}">
      <property name="validationMessageSource" ref="messageSource" />
   </bean>

   <!-- Messages -->

   <bean id="messageSource" class="${messageSource.class}">
      <property name="basenames" ref="baseNames" />
   </bean>

   <util:list id="baseNames">
      <value>classpath:/messages/application</value>
      <value>classpath:/messages/dreadball</value>
      <value>classpath:/messages/affinity-groups</value>
      <value>classpath:/messages/validation</value>
      <value>classpath:/messages/role</value>
      <value>classpath:/messages/ability</value>
      <value>classpath:/messages/ability-description</value>
      <value>classpath:/messages/unit</value>
   </util:list>

</beans>
